<?xml version="1.0" encoding="UTF-8"?>
<testsuite name="com.example.book.springboot.web.ProfileControllerTest" tests="1" skipped="0" failures="0" errors="0" timestamp="2023-02-23T09:52:01" hostname="DESKTOP-F33CR16" time="0.012">
  <properties/>
  <testcase name="profile은_인증없이_호출된다" classname="com.example.book.springboot.web.ProfileControllerTest" time="0.012"/>
  <system-out><![CDATA[2023-02-23 18:52:01.986  INFO 18236 --- [    Test worker] .b.t.c.SpringBootTestContextBootstrapper : Neither @ContextConfiguration nor @ContextHierarchy found for test class [com.example.book.springboot.web.ProfileControllerTest], using SpringBootContextLoader
2023-02-23 18:52:01.987  INFO 18236 --- [    Test worker] o.s.t.c.support.AbstractContextLoader    : Could not detect default resource locations for test class [com.example.book.springboot.web.ProfileControllerTest]: no resource found for suffixes {-context.xml, Context.groovy}.
2023-02-23 18:52:01.987  INFO 18236 --- [    Test worker] t.c.s.AnnotationConfigContextLoaderUtils : Could not detect default configuration classes for test class [com.example.book.springboot.web.ProfileControllerTest]: ProfileControllerTest does not declare any static, non-private, non-final, nested classes annotated with @Configuration.
2023-02-23 18:52:01.988  INFO 18236 --- [    Test worker] .b.t.c.SpringBootTestContextBootstrapper : Found @SpringBootConfiguration com.example.book.springboot.Application for test class com.example.book.springboot.web.ProfileControllerTest
2023-02-23 18:52:01.989  INFO 18236 --- [    Test worker] .b.t.c.SpringBootTestContextBootstrapper : Loaded default TestExecutionListener class names from location [META-INF/spring.factories]: [org.springframework.security.test.context.support.WithSecurityContextTestExecutionListener, org.springframework.security.test.context.support.ReactorContextTestExecutionListener, org.springframework.boot.test.autoconfigure.restdocs.RestDocsTestExecutionListener, org.springframework.boot.test.autoconfigure.web.client.MockRestServiceServerResetTestExecutionListener, org.springframework.boot.test.autoconfigure.web.servlet.MockMvcPrintOnlyOnFailureTestExecutionListener, org.springframework.boot.test.autoconfigure.web.servlet.WebDriverTestExecutionListener, org.springframework.boot.test.mock.mockito.MockitoTestExecutionListener, org.springframework.boot.test.mock.mockito.ResetMocksTestExecutionListener, org.springframework.test.context.web.ServletTestExecutionListener, org.springframework.test.context.support.DirtiesContextBeforeModesTestExecutionListener, org.springframework.test.context.support.DependencyInjectionTestExecutionListener, org.springframework.test.context.support.DirtiesContextTestExecutionListener, org.springframework.test.context.transaction.TransactionalTestExecutionListener, org.springframework.test.context.jdbc.SqlScriptsTestExecutionListener]
2023-02-23 18:52:01.990  INFO 18236 --- [    Test worker] .b.t.c.SpringBootTestContextBootstrapper : Using TestExecutionListeners: [org.springframework.test.context.web.ServletTestExecutionListener@324e0727, org.springframework.test.context.support.DirtiesContextBeforeModesTestExecutionListener@43e3babb, org.springframework.boot.test.mock.mockito.MockitoTestExecutionListener@4237c84a, org.springframework.boot.test.autoconfigure.SpringBootDependencyInjectionTestExecutionListener@5a14a894, org.springframework.test.context.support.DirtiesContextTestExecutionListener@18a1fbce, org.springframework.test.context.transaction.TransactionalTestExecutionListener@4649ac03, org.springframework.test.context.jdbc.SqlScriptsTestExecutionListener@3a405918, org.springframework.security.test.context.support.WithSecurityContextTestExecutionListener@456f16cc, org.springframework.security.test.context.support.ReactorContextTestExecutionListener@5207fa24, org.springframework.boot.test.autoconfigure.restdocs.RestDocsTestExecutionListener@59a57dd3, org.springframework.boot.test.autoconfigure.web.client.MockRestServiceServerResetTestExecutionListener@61956766, org.springframework.boot.test.autoconfigure.web.servlet.MockMvcPrintOnlyOnFailureTestExecutionListener@5cf1d4ee, org.springframework.boot.test.autoconfigure.web.servlet.WebDriverTestExecutionListener@31cad38e, org.springframework.boot.test.mock.mockito.ResetMocksTestExecutionListener@43f36b81]
]]></system-out>
  <system-err><![CDATA[]]></system-err>
</testsuite>
