<?xml version="1.0" encoding="UTF-8"?>
<testsuite name="com.example.book.springboot.HelloControllerTest" tests="2" skipped="0" failures="0" errors="0" timestamp="2023-02-23T09:51:59" hostname="DESKTOP-F33CR16" time="0.149">
  <properties/>
  <testcase name="hello가_리턴된다" classname="com.example.book.springboot.HelloControllerTest" time="0.063"/>
  <testcase name="helloDto가_리턴된다" classname="com.example.book.springboot.HelloControllerTest" time="0.085"/>
  <system-out><![CDATA[2023-02-23 18:51:58.532  INFO 18236 --- [    Test worker] .b.t.a.w.s.WebMvcTestContextBootstrapper : Neither @ContextConfiguration nor @ContextHierarchy found for test class [com.example.book.springboot.HelloControllerTest], using SpringBootContextLoader
2023-02-23 18:51:58.533  INFO 18236 --- [    Test worker] o.s.t.c.support.AbstractContextLoader    : Could not detect default resource locations for test class [com.example.book.springboot.HelloControllerTest]: no resource found for suffixes {-context.xml, Context.groovy}.
2023-02-23 18:51:58.533  INFO 18236 --- [    Test worker] t.c.s.AnnotationConfigContextLoaderUtils : Could not detect default configuration classes for test class [com.example.book.springboot.HelloControllerTest]: HelloControllerTest does not declare any static, non-private, non-final, nested classes annotated with @Configuration.
2023-02-23 18:51:58.549  INFO 18236 --- [    Test worker] .b.t.c.SpringBootTestContextBootstrapper : Found @SpringBootConfiguration com.example.book.springboot.Application for test class com.example.book.springboot.HelloControllerTest
2023-02-23 18:51:58.549  INFO 18236 --- [    Test worker] .b.t.a.w.s.WebMvcTestContextBootstrapper : Loaded default TestExecutionListener class names from location [META-INF/spring.factories]: [org.springframework.security.test.context.support.WithSecurityContextTestExecutionListener, org.springframework.security.test.context.support.ReactorContextTestExecutionListener, org.springframework.boot.test.autoconfigure.restdocs.RestDocsTestExecutionListener, org.springframework.boot.test.autoconfigure.web.client.MockRestServiceServerResetTestExecutionListener, org.springframework.boot.test.autoconfigure.web.servlet.MockMvcPrintOnlyOnFailureTestExecutionListener, org.springframework.boot.test.autoconfigure.web.servlet.WebDriverTestExecutionListener, org.springframework.boot.test.mock.mockito.MockitoTestExecutionListener, org.springframework.boot.test.mock.mockito.ResetMocksTestExecutionListener, org.springframework.test.context.web.ServletTestExecutionListener, org.springframework.test.context.support.DirtiesContextBeforeModesTestExecutionListener, org.springframework.test.context.support.DependencyInjectionTestExecutionListener, org.springframework.test.context.support.DirtiesContextTestExecutionListener, org.springframework.test.context.transaction.TransactionalTestExecutionListener, org.springframework.test.context.jdbc.SqlScriptsTestExecutionListener]
2023-02-23 18:51:58.550  INFO 18236 --- [    Test worker] .b.t.a.w.s.WebMvcTestContextBootstrapper : Using TestExecutionListeners: [org.springframework.test.context.web.ServletTestExecutionListener@6d60dcaa, org.springframework.test.context.support.DirtiesContextBeforeModesTestExecutionListener@7d6a253d, org.springframework.boot.test.mock.mockito.MockitoTestExecutionListener@55bd9f46, org.springframework.boot.test.autoconfigure.SpringBootDependencyInjectionTestExecutionListener@20d8783f, org.springframework.test.context.support.DirtiesContextTestExecutionListener@4b367502, org.springframework.test.context.transaction.TransactionalTestExecutionListener@6759f294, org.springframework.test.context.jdbc.SqlScriptsTestExecutionListener@5ea71696, org.springframework.security.test.context.support.WithSecurityContextTestExecutionListener@3d5d94fd, org.springframework.security.test.context.support.ReactorContextTestExecutionListener@453b6831, org.springframework.boot.test.autoconfigure.restdocs.RestDocsTestExecutionListener@6d5eef50, org.springframework.boot.test.autoconfigure.web.client.MockRestServiceServerResetTestExecutionListener@bab57cb, org.springframework.boot.test.autoconfigure.web.servlet.MockMvcPrintOnlyOnFailureTestExecutionListener@5a80c03f, org.springframework.boot.test.autoconfigure.web.servlet.WebDriverTestExecutionListener@44e451be, org.springframework.boot.test.mock.mockito.ResetMocksTestExecutionListener@5e5a121d]

  .   ____          _            __ _ _
 /\\ / ___'_ __ _ _(_)_ __  __ _ \ \ \ \
( ( )\___ | '_ | '_| | '_ \/ _` | \ \ \ \
 \\/  ___)| |_)| | | | | || (_| |  ) ) ) )
  '  |____| .__|_| |_|_| |_\__, | / / / /
 =========|_|==============|___/=/_/_/_/
 :: Spring Boot ::        (v2.1.7.RELEASE)

2023-02-23 18:51:58.586  INFO 18236 --- [    Test worker] c.e.book.springboot.HelloControllerTest  : Starting HelloControllerTest on DESKTOP-F33CR16 with PID 18236 (started by fermion in C:\projects\springboot-webservice)
2023-02-23 18:51:58.587  INFO 18236 --- [    Test worker] c.e.book.springboot.HelloControllerTest  : No active profile set, falling back to default profiles: default
2023-02-23 18:51:59.001  INFO 18236 --- [    Test worker] o.s.s.concurrent.ThreadPoolTaskExecutor  : Initializing ExecutorService 'applicationTaskExecutor'
2023-02-23 18:51:59.032  INFO 18236 --- [    Test worker] o.s.b.a.w.s.WelcomePageHandlerMapping    : Adding welcome page template: index
2023-02-23 18:51:59.241  INFO 18236 --- [    Test worker] .s.s.UserDetailsServiceAutoConfiguration : 

Using generated security password: 345f5e2f-da8c-4234-a842-61ed9d04ec76

2023-02-23 18:51:59.392  INFO 18236 --- [    Test worker] o.s.s.web.DefaultSecurityFilterChain     : Creating filter chain: any request, [org.springframework.security.web.context.request.async.WebAsyncManagerIntegrationFilter@7a3d0aa1, org.springframework.security.web.context.SecurityContextPersistenceFilter@790cf3f7, org.springframework.security.web.header.HeaderWriterFilter@3132b21d, org.springframework.security.web.csrf.CsrfFilter@1a879f9, org.springframework.security.web.authentication.logout.LogoutFilter@784c21c1, org.springframework.security.web.authentication.UsernamePasswordAuthenticationFilter@49a9d1a4, org.springframework.security.web.authentication.ui.DefaultLoginPageGeneratingFilter@758f2fb3, org.springframework.security.web.authentication.ui.DefaultLogoutPageGeneratingFilter@4b69dc91, org.springframework.security.web.authentication.www.BasicAuthenticationFilter@d64a046, org.springframework.security.web.savedrequest.RequestCacheAwareFilter@1945bdfd, org.springframework.security.web.servletapi.SecurityContextHolderAwareRequestFilter@3d435692, org.springframework.security.web.authentication.AnonymousAuthenticationFilter@6327332a, org.springframework.security.web.session.SessionManagementFilter@73976273, org.springframework.security.web.access.ExceptionTranslationFilter@3f2be053, org.springframework.security.web.access.intercept.FilterSecurityInterceptor@2ea233b7]
2023-02-23 18:51:59.426  INFO 18236 --- [    Test worker] o.s.b.t.m.w.SpringBootMockServletContext : Initializing Spring TestDispatcherServlet ''
2023-02-23 18:51:59.426  INFO 18236 --- [    Test worker] o.s.t.web.servlet.TestDispatcherServlet  : Initializing Servlet ''
2023-02-23 18:51:59.438  INFO 18236 --- [    Test worker] o.s.t.web.servlet.TestDispatcherServlet  : Completed initialization in 12 ms
2023-02-23 18:51:59.466  INFO 18236 --- [    Test worker] c.e.book.springboot.HelloControllerTest  : Started HelloControllerTest in 0.914 seconds (JVM running for 8.636)
]]></system-out>
  <system-err><![CDATA[]]></system-err>
</testsuite>
