<?xml version="1.0" encoding="UTF-8"?>
<testsuite name="com.example.book.springboot.web.IndexControllerTest" tests="1" skipped="0" failures="0" errors="0" timestamp="2023-02-23T09:52:01" hostname="DESKTOP-F33CR16" time="0.163">
  <properties/>
  <testcase name="메인페이지_로딩" classname="com.example.book.springboot.web.IndexControllerTest" time="0.163"/>
  <system-out><![CDATA[2023-02-23 18:51:59.626  INFO 18236 --- [    Test worker] .b.t.c.SpringBootTestContextBootstrapper : Neither @ContextConfiguration nor @ContextHierarchy found for test class [com.example.book.springboot.web.IndexControllerTest], using SpringBootContextLoader
2023-02-23 18:51:59.627  INFO 18236 --- [    Test worker] o.s.t.c.support.AbstractContextLoader    : Could not detect default resource locations for test class [com.example.book.springboot.web.IndexControllerTest]: no resource found for suffixes {-context.xml, Context.groovy}.
2023-02-23 18:51:59.627  INFO 18236 --- [    Test worker] t.c.s.AnnotationConfigContextLoaderUtils : Could not detect default configuration classes for test class [com.example.book.springboot.web.IndexControllerTest]: IndexControllerTest does not declare any static, non-private, non-final, nested classes annotated with @Configuration.
2023-02-23 18:51:59.638  INFO 18236 --- [    Test worker] .b.t.c.SpringBootTestContextBootstrapper : Found @SpringBootConfiguration com.example.book.springboot.Application for test class com.example.book.springboot.web.IndexControllerTest
2023-02-23 18:51:59.639  INFO 18236 --- [    Test worker] .b.t.c.SpringBootTestContextBootstrapper : Loaded default TestExecutionListener class names from location [META-INF/spring.factories]: [org.springframework.security.test.context.support.WithSecurityContextTestExecutionListener, org.springframework.security.test.context.support.ReactorContextTestExecutionListener, org.springframework.boot.test.autoconfigure.restdocs.RestDocsTestExecutionListener, org.springframework.boot.test.autoconfigure.web.client.MockRestServiceServerResetTestExecutionListener, org.springframework.boot.test.autoconfigure.web.servlet.MockMvcPrintOnlyOnFailureTestExecutionListener, org.springframework.boot.test.autoconfigure.web.servlet.WebDriverTestExecutionListener, org.springframework.boot.test.mock.mockito.MockitoTestExecutionListener, org.springframework.boot.test.mock.mockito.ResetMocksTestExecutionListener, org.springframework.test.context.web.ServletTestExecutionListener, org.springframework.test.context.support.DirtiesContextBeforeModesTestExecutionListener, org.springframework.test.context.support.DependencyInjectionTestExecutionListener, org.springframework.test.context.support.DirtiesContextTestExecutionListener, org.springframework.test.context.transaction.TransactionalTestExecutionListener, org.springframework.test.context.jdbc.SqlScriptsTestExecutionListener]
2023-02-23 18:51:59.640  INFO 18236 --- [    Test worker] .b.t.c.SpringBootTestContextBootstrapper : Using TestExecutionListeners: [org.springframework.test.context.web.ServletTestExecutionListener@558ed9cc, org.springframework.test.context.support.DirtiesContextBeforeModesTestExecutionListener@52b2a85a, org.springframework.boot.test.mock.mockito.MockitoTestExecutionListener@79420f22, org.springframework.boot.test.autoconfigure.SpringBootDependencyInjectionTestExecutionListener@64a412ea, org.springframework.test.context.support.DirtiesContextTestExecutionListener@4747e70b, org.springframework.test.context.transaction.TransactionalTestExecutionListener@f077c1, org.springframework.test.context.jdbc.SqlScriptsTestExecutionListener@69a243e2, org.springframework.security.test.context.support.WithSecurityContextTestExecutionListener@2dd52f7e, org.springframework.security.test.context.support.ReactorContextTestExecutionListener@5552fa70, org.springframework.boot.test.autoconfigure.restdocs.RestDocsTestExecutionListener@561fc164, org.springframework.boot.test.autoconfigure.web.client.MockRestServiceServerResetTestExecutionListener@2d592516, org.springframework.boot.test.autoconfigure.web.servlet.MockMvcPrintOnlyOnFailureTestExecutionListener@29f3411c, org.springframework.boot.test.autoconfigure.web.servlet.WebDriverTestExecutionListener@6bb0af28, org.springframework.boot.test.mock.mockito.ResetMocksTestExecutionListener@430c57db]

  .   ____          _            __ _ _
 /\\ / ___'_ __ _ _(_)_ __  __ _ \ \ \ \
( ( )\___ | '_ | '_| | '_ \/ _` | \ \ \ \
 \\/  ___)| |_)| | | | | || (_| |  ) ) ) )
  '  |____| .__|_| |_|_| |_\__, | / / / /
 =========|_|==============|___/=/_/_/_/
 :: Spring Boot ::        (v2.1.7.RELEASE)

2023-02-23 18:51:59.676  INFO 18236 --- [    Test worker] c.e.b.s.web.IndexControllerTest          : Starting IndexControllerTest on DESKTOP-F33CR16 with PID 18236 (started by fermion in C:\projects\springboot-webservice)
2023-02-23 18:51:59.676  INFO 18236 --- [    Test worker] c.e.b.s.web.IndexControllerTest          : No active profile set, falling back to default profiles: default
2023-02-23 18:51:59.877  INFO 18236 --- [    Test worker] .s.d.r.c.RepositoryConfigurationDelegate : Bootstrapping Spring Data repositories in DEFAULT mode.
2023-02-23 18:51:59.904  INFO 18236 --- [    Test worker] .s.d.r.c.RepositoryConfigurationDelegate : Finished Spring Data repository scanning in 27ms. Found 2 repository interfaces.
2023-02-23 18:51:59.989  INFO 18236 --- [    Test worker] trationDelegate$BeanPostProcessorChecker : Bean 'org.springframework.transaction.annotation.ProxyTransactionManagementConfiguration' of type [org.springframework.transaction.annotation.ProxyTransactionManagementConfiguration$$EnhancerBySpringCGLIB$$8db6209e] is not eligible for getting processed by all BeanPostProcessors (for example: not eligible for auto-proxying)
2023-02-23 18:52:00.231  INFO 18236 --- [    Test worker] o.s.b.w.embedded.tomcat.TomcatWebServer  : Tomcat initialized with port(s): 0 (http)
2023-02-23 18:52:00.261  INFO 18236 --- [    Test worker] o.apache.catalina.core.StandardService   : Starting service [Tomcat]
2023-02-23 18:52:00.261  INFO 18236 --- [    Test worker] org.apache.catalina.core.StandardEngine  : Starting Servlet engine: [Apache Tomcat/9.0.22]
2023-02-23 18:52:00.429  INFO 18236 --- [    Test worker] o.a.c.c.C.[Tomcat].[localhost].[/]       : Initializing Spring embedded WebApplicationContext
2023-02-23 18:52:00.429  INFO 18236 --- [    Test worker] o.s.web.context.ContextLoader            : Root WebApplicationContext: initialization completed in 751 ms
2023-02-23 18:52:00.593  INFO 18236 --- [    Test worker] com.zaxxer.hikari.HikariDataSource       : HikariPool-2 - Starting...
2023-02-23 18:52:00.594  INFO 18236 --- [    Test worker] com.zaxxer.hikari.HikariDataSource       : HikariPool-2 - Start completed.
2023-02-23 18:52:00.630  INFO 18236 --- [    Test worker] o.hibernate.jpa.internal.util.LogHelper  : HHH000204: Processing PersistenceUnitInfo [
	name: default
	...]
2023-02-23 18:52:00.643  INFO 18236 --- [    Test worker] org.hibernate.dialect.Dialect            : HHH000400: Using dialect: org.hibernate.dialect.H2Dialect
Hibernate: drop table posts if exists
Hibernate: drop table user if exists
Hibernate: create table posts (id bigint generated by default as identity, created_date timestamp, modified_date timestamp, author varchar(255), content TEXT not null, title varchar(500) not null, primary key (id))
Hibernate: create table user (id bigint generated by default as identity, created_date timestamp, modified_date timestamp, email varchar(255) not null, name varchar(255) not null, picture varchar(255), role varchar(255) not null, primary key (id))
2023-02-23 18:52:00.689  INFO 18236 --- [    Test worker] o.h.t.schema.internal.SchemaCreatorImpl  : HHH000476: Executing import script 'org.hibernate.tool.schema.internal.exec.ScriptSourceInputNonExistentImpl@6d41e8d9'
2023-02-23 18:52:00.689  INFO 18236 --- [    Test worker] j.LocalContainerEntityManagerFactoryBean : Initialized JPA EntityManagerFactory for persistence unit 'default'
2023-02-23 18:52:01.066  INFO 18236 --- [    Test worker] o.h.h.i.QueryTranslatorFactoryInitiator  : HHH000397: Using ASTQueryTranslatorFactory
2023-02-23 18:52:01.227  INFO 18236 --- [    Test worker] o.s.s.web.DefaultSecurityFilterChain     : Creating filter chain: any request, [org.springframework.security.web.context.request.async.WebAsyncManagerIntegrationFilter@3d10705e, org.springframework.security.web.context.SecurityContextPersistenceFilter@21a705e1, org.springframework.security.web.header.HeaderWriterFilter@164a137a, org.springframework.security.web.authentication.logout.LogoutFilter@1077a7e6, org.springframework.security.oauth2.client.web.OAuth2AuthorizationRequestRedirectFilter@1c003a17, org.springframework.security.oauth2.client.web.OAuth2LoginAuthenticationFilter@4d321f3b, org.springframework.security.web.authentication.ui.DefaultLoginPageGeneratingFilter@9e62336, org.springframework.security.web.authentication.ui.DefaultLogoutPageGeneratingFilter@299a063b, org.springframework.security.web.savedrequest.RequestCacheAwareFilter@3241bc09, org.springframework.security.web.servletapi.SecurityContextHolderAwareRequestFilter@74d6a8f8, org.springframework.security.web.authentication.AnonymousAuthenticationFilter@3457519d, org.springframework.security.web.session.SessionManagementFilter@3409289c, org.springframework.security.web.access.ExceptionTranslationFilter@1cb1e894, org.springframework.security.web.access.intercept.FilterSecurityInterceptor@9e3bfb8]
2023-02-23 18:52:01.407  INFO 18236 --- [    Test worker] o.s.s.concurrent.ThreadPoolTaskExecutor  : Initializing ExecutorService 'applicationTaskExecutor'
2023-02-23 18:52:01.419  WARN 18236 --- [    Test worker] aWebConfiguration$JpaWebMvcConfiguration : spring.jpa.open-in-view is enabled by default. Therefore, database queries may be performed during view rendering. Explicitly configure spring.jpa.open-in-view to disable this warning
2023-02-23 18:52:01.445  INFO 18236 --- [    Test worker] o.s.b.a.w.s.WelcomePageHandlerMapping    : Adding welcome page template: index
2023-02-23 18:52:01.703  INFO 18236 --- [    Test worker] s.a.ScheduledAnnotationBeanPostProcessor : No TaskScheduler/ScheduledExecutorService bean found for scheduled processing
2023-02-23 18:52:01.721  INFO 18236 --- [    Test worker] o.s.b.w.embedded.tomcat.TomcatWebServer  : Tomcat started on port(s): 11046 (http) with context path ''
2023-02-23 18:52:01.722  INFO 18236 --- [    Test worker] c.e.b.s.web.IndexControllerTest          : Started IndexControllerTest in 2.08 seconds (JVM running for 10.893)
2023-02-23 18:52:01.809  INFO 18236 --- [o-auto-1-exec-1] o.a.c.c.C.[Tomcat].[localhost].[/]       : Initializing Spring DispatcherServlet 'dispatcherServlet'
2023-02-23 18:52:01.809  INFO 18236 --- [o-auto-1-exec-1] o.s.web.servlet.DispatcherServlet        : Initializing Servlet 'dispatcherServlet'
2023-02-23 18:52:01.829  INFO 18236 --- [o-auto-1-exec-1] o.s.web.servlet.DispatcherServlet        : Completed initialization in 20 ms
Hibernate: select posts0_.id as id1_0_, posts0_.created_date as created_2_0_, posts0_.modified_date as modified3_0_, posts0_.author as author4_0_, posts0_.content as content5_0_, posts0_.title as title6_0_ from posts posts0_ order by posts0_.id DESC
]]></system-out>
  <system-err><![CDATA[]]></system-err>
</testsuite>
